Performing C SOURCE FILE Test CMAKE_HAVE_LIBC_PTHREAD failed with the following output:
Change Dir: /home/giovani/CLionProjects/simple_plataform_raylib/cmake-build-debug/CMakeFiles/CMakeTmp

Run Build Command(s):/usr/bin/make cmTC_dd5e1/fast && /usr/bin/make -f CMakeFiles/cmTC_dd5e1.dir/build.make CMakeFiles/cmTC_dd5e1.dir/build
make[1]: Entering directory '/home/giovani/CLionProjects/simple_plataform_raylib/cmake-build-debug/CMakeFiles/CMakeTmp'
Building C object CMakeFiles/cmTC_dd5e1.dir/src.c.o
/usr/bin/cc   -fno-strict-aliasing -Werror=implicit-function-declaration -Werror=pointer-arith  -DCMAKE_HAVE_LIBC_PTHREAD   -o CMakeFiles/cmTC_dd5e1.dir/src.c.o   -c /home/giovani/CLionProjects/simple_plataform_raylib/cmake-build-debug/CMakeFiles/CMakeTmp/src.c
Linking C executable cmTC_dd5e1
/home/giovani/clion-2019.3.1/bin/cmake/linux/bin/cmake -E cmake_link_script CMakeFiles/cmTC_dd5e1.dir/link.txt --verbose=1
/usr/bin/cc -fno-strict-aliasing -Werror=implicit-function-declaration -Werror=pointer-arith  -DCMAKE_HAVE_LIBC_PTHREAD    -rdynamic CMakeFiles/cmTC_dd5e1.dir/src.c.o  -o cmTC_dd5e1 
CMakeFiles/cmTC_dd5e1.dir/src.c.o: na função `main':
src.c:(.text+0x3c): referência indefinida para `pthread_create'
src.c:(.text+0x48): referência indefinida para `pthread_detach'
src.c:(.text+0x59): referência indefinida para `pthread_join'
src.c:(.text+0x6d): referência indefinida para `pthread_atfork'
collect2: error: ld returned 1 exit status
CMakeFiles/cmTC_dd5e1.dir/build.make:86: recipe for target 'cmTC_dd5e1' failed
make[1]: *** [cmTC_dd5e1] Error 1
make[1]: Leaving directory '/home/giovani/CLionProjects/simple_plataform_raylib/cmake-build-debug/CMakeFiles/CMakeTmp'
Makefile:121: recipe for target 'cmTC_dd5e1/fast' failed
make: *** [cmTC_dd5e1/fast] Error 2


Source file was:
#include <pthread.h>

void* test_func(void* data)
{
  return data;
}

int main(void)
{
  pthread_t thread;
  pthread_create(&thread, NULL, test_func, NULL);
  pthread_detach(thread);
  pthread_join(thread, NULL);
  pthread_atfork(NULL, NULL, NULL);
  pthread_exit(NULL);

  return 0;
}

Determining if the function pthread_create exists in the pthreads failed with the following output:
Change Dir: /home/giovani/CLionProjects/simple_plataform_raylib/cmake-build-debug/CMakeFiles/CMakeTmp

Run Build Command(s):/usr/bin/make cmTC_ba43c/fast && /usr/bin/make -f CMakeFiles/cmTC_ba43c.dir/build.make CMakeFiles/cmTC_ba43c.dir/build
make[1]: Entering directory '/home/giovani/CLionProjects/simple_plataform_raylib/cmake-build-debug/CMakeFiles/CMakeTmp'
Building C object CMakeFiles/cmTC_ba43c.dir/CheckFunctionExists.c.o
/usr/bin/cc   -fno-strict-aliasing -Werror=implicit-function-declaration -Werror=pointer-arith  -DCHECK_FUNCTION_EXISTS=pthread_create   -o CMakeFiles/cmTC_ba43c.dir/CheckFunctionExists.c.o   -c /home/giovani/clion-2019.3.1/bin/cmake/linux/share/cmake-3.15/Modules/CheckFunctionExists.c
Linking C executable cmTC_ba43c
/home/giovani/clion-2019.3.1/bin/cmake/linux/bin/cmake -E cmake_link_script CMakeFiles/cmTC_ba43c.dir/link.txt --verbose=1
/usr/bin/cc -fno-strict-aliasing -Werror=implicit-function-declaration -Werror=pointer-arith  -DCHECK_FUNCTION_EXISTS=pthread_create    -rdynamic CMakeFiles/cmTC_ba43c.dir/CheckFunctionExists.c.o  -o cmTC_ba43c -lpthreads 
/usr/bin/ld: não foi possível encontrar -lpthreads
collect2: error: ld returned 1 exit status
CMakeFiles/cmTC_ba43c.dir/build.make:86: recipe for target 'cmTC_ba43c' failed
make[1]: *** [cmTC_ba43c] Error 1
make[1]: Leaving directory '/home/giovani/CLionProjects/simple_plataform_raylib/cmake-build-debug/CMakeFiles/CMakeTmp'
Makefile:121: recipe for target 'cmTC_ba43c/fast' failed
make: *** [cmTC_ba43c/fast] Error 2



Determining if the QueryPerformanceCounter exist failed with the following output:
Change Dir: /home/giovani/CLionProjects/simple_plataform_raylib/cmake-build-debug/CMakeFiles/CMakeTmp

Run Build Command(s):/usr/bin/make cmTC_ddddb/fast && /usr/bin/make -f CMakeFiles/cmTC_ddddb.dir/build.make CMakeFiles/cmTC_ddddb.dir/build
make[1]: Entering directory '/home/giovani/CLionProjects/simple_plataform_raylib/cmake-build-debug/CMakeFiles/CMakeTmp'
Building C object CMakeFiles/cmTC_ddddb.dir/CheckSymbolExists.c.o
/usr/bin/cc -D_POSIX_C_SOURCE=199309L  -fno-strict-aliasing -Werror=implicit-function-declaration -Werror=pointer-arith     -o CMakeFiles/cmTC_ddddb.dir/CheckSymbolExists.c.o   -c /home/giovani/CLionProjects/simple_plataform_raylib/cmake-build-debug/CMakeFiles/CMakeTmp/CheckSymbolExists.c
/home/giovani/CLionProjects/simple_plataform_raylib/cmake-build-debug/CMakeFiles/CMakeTmp/CheckSymbolExists.c:2:21: fatal error: windows.h: Arquivo ou diretório não encontrado
compilation terminated.
CMakeFiles/cmTC_ddddb.dir/build.make:65: recipe for target 'CMakeFiles/cmTC_ddddb.dir/CheckSymbolExists.c.o' failed
make[1]: *** [CMakeFiles/cmTC_ddddb.dir/CheckSymbolExists.c.o] Error 1
make[1]: Leaving directory '/home/giovani/CLionProjects/simple_plataform_raylib/cmake-build-debug/CMakeFiles/CMakeTmp'
Makefile:121: recipe for target 'cmTC_ddddb/fast' failed
make: *** [cmTC_ddddb/fast] Error 2


File /home/giovani/CLionProjects/simple_plataform_raylib/cmake-build-debug/CMakeFiles/CMakeTmp/CheckSymbolExists.c:
/* */
#include <windows.h>

int main(int argc, char** argv)
{
  (void)argv;
#ifndef QueryPerformanceCounter
  return ((int*)(&QueryPerformanceCounter))[argc];
#else
  (void)argc;
  return 0;
#endif
}

